<?xml version="1.0" encoding="UTF-8"?>
<!-- Generated by org.testng.reporters.JUnitReportReporter -->
<testsuite skipped="0" hostname="DESKTOP-B2220QC" name="tests.TestClass3" tests="3" failures="0" timestamp="2022-02-09T19:36:34 IST" time="0.042" errors="0">
  <testcase name="testB" time="0.014" classname="tests.TestClass3"/>
  <system-out/>
  <testcase name="testA" time="0.020" classname="tests.TestClass3"/>
  <system-out/>
  <testcase name="testF" time="0.008" classname="tests.TestClass3"/>
  <system-out/>
</testsuite> <!-- tests.TestClass3 -->
