<?xml version="1.0" encoding="UTF-8"?>
<!-- Generated by org.testng.reporters.JUnitReportReporter -->
<testsuite skipped="0" hostname="DESKTOP-B2220QC" name="tests.TestClass2" tests="2" failures="0" timestamp="2022-02-09T19:36:34 IST" time="0.021" errors="0">
  <testcase name="testD" time="0.006" classname="tests.TestClass2"/>
  <system-out/>
  <testcase name="testC" time="0.015" classname="tests.TestClass2"/>
  <system-out/>
</testsuite> <!-- tests.TestClass2 -->
